<?xml version="1.0" encoding="UTF-8"?>
<robot generator="Robot 7.0 (Python 3.11.7 on darwin)" generated="2024-03-29T08:23:36.596060" rpa="false" schemaversion="5">
<suite id="s1" name="Check" source="/Users/mikensen/Documents/readmio/readmio/Tests/check.robot">
<test id="s1-t1" name="Spusti Appku" line="14">
<kw name="Run App" owner="common">
<kw name="Open Application" owner="AppiumLibrary">
<arg>http://localhost:4723/wd/hub</arg>
<arg>platformName=${PLATFORM_NAME}</arg>
<arg>automationName=${AUTOMATION_NAME}</arg>
<arg>deviceName=${DEVICE_NAME}</arg>
<arg>platformVersion=${PLATFORM_VERSION}</arg>
<arg>fullReset=true</arg>
<arg>app=${APK_PATH}</arg>
<arg>udid=${UDID}</arg>
<arg>appPackage=${APP_PACKAGE}</arg>
<arg>appActivity=${APP_ACTIVITY}</arg>
<doc>Opens a new application to given Appium server.
Capabilities of appium server, Android and iOS,
Please check https://github.com/appium/appium/blob/master/docs/en/writing-running-appium/server-args.md
| *Option*            | *Man.* | *Description*     |
| remote_url          | Yes    | Appium server url |
| alias               | no     | alias             |
| strict_ssl          | No     | allows you to send commands to an invalid certificate host like a self-signed one. |</doc>
<status status="PASS" start="2024-03-29T08:23:36.727563" elapsed="11.360616"/>
</kw>
<doc>Open the Readmio application</doc>
<status status="PASS" start="2024-03-29T08:23:36.726996" elapsed="11.361492"/>
</kw>
<kw name="Sleep" owner="BuiltIn">
<msg time="2024-03-29T08:24:08.092068" level="INFO">Slept 20 seconds.</msg>
<arg>20s</arg>
<doc>Pauses the test executed for the given time.</doc>
<status status="PASS" start="2024-03-29T08:23:48.089323" elapsed="20.003085"/>
</kw>
<status status="PASS" start="2024-03-29T08:23:36.726680" elapsed="31.366600"/>
</test>
<test id="s1-t2" name="Navigation Check" line="17">
<kw name="Close Application" owner="AppiumLibrary">
<doc>Closes the current application and also close webdriver session.</doc>
<status status="PASS" start="2024-03-29T08:24:08.094082" elapsed="1.273861"/>
</kw>
<status status="PASS" start="2024-03-29T08:24:08.093590" elapsed="1.274659"/>
</test>
<status status="PASS" start="2024-03-29T08:23:36.596998" elapsed="32.771783"/>
</suite>
<statistics>
<total>
<stat pass="2" fail="0" skip="0">All Tests</stat>
</total>
<tag>
</tag>
<suite>
<stat pass="2" fail="0" skip="0" id="s1" name="Check">Check</stat>
</suite>
</statistics>
<errors>
</errors>
</robot>
